Jun 01, 2022 5:14:42 PM sample.FirstPageController zapocniIgru
SEVERE: org.unibl.etf.pj2.projektni.exception.MatrixSizeException: Dimenzije matrice nisu odgovarajuće.
Jun 01, 2022 5:15:03 PM sample.FirstPageController zapocniIgru
SEVERE: org.unibl.etf.pj2.projektni.exception.MatrixSizeException: Dimenzije matrice nisu odgovarajuće.
Jun 01, 2022 5:15:08 PM sample.FirstPageController zapocniIgru
SEVERE: org.unibl.etf.pj2.projektni.exception.NumberOfPlayersException: Broj igrača nije unesen na ispravan način.
Jun 01, 2022 5:26:16 PM sample.FirstPageController zapocniIgru
SEVERE: org.unibl.etf.pj2.projektni.exception.NumberOfPlayersException: Broj igrača nije unesen na ispravan način.
Jun 01, 2022 5:53:08 PM sample.FirstPageController zapocniIgru
SEVERE: org.unibl.etf.pj2.projektni.exception.MatrixSizeException: Dimenzije matrice nisu odgovarajuće.
Jun 02, 2022 5:50:43 PM sample.FirstPageController zapocniIgru
SEVERE: org.unibl.etf.pj2.projektni.exception.MatrixSizeException: Dimenzije matrice nisu odgovarajuće.
Jun 02, 2022 5:56:15 PM sample.FirstPageController zapocniIgru
SEVERE: java.io.FileNotFoundException: textfile.txt (The system cannot find the file specified)
Jun 02, 2022 6:30:21 PM sample.FirstPageController pokupiPodatke
SEVERE: org.unibl.etf.pj2.projektni.exception.NameAllreadyExistException: a već postoji i morate izabrati drugo ime
Jun 02, 2022 7:03:01 PM sample.FirstPageController pokupiPodatke
SEVERE: org.unibl.etf.pj2.projektni.exception.BadNameInputException: Popunjavanje polja sa imenima nije validno.
Jun 02, 2022 7:03:01 PM sample.FirstPageController zapocniIgru
SEVERE: java.io.FileNotFoundException: igraci.txt (The system cannot find the file specified)
Jun 02, 2022 7:03:17 PM sample.FirstPageController pokupiPodatke
SEVERE: org.unibl.etf.pj2.projektni.exception.BadNameInputException: Popunjavanje polja sa imenima nije validno.
Jun 02, 2022 7:03:17 PM sample.FirstPageController zapocniIgru
SEVERE: java.io.FileNotFoundException: igraci.txt (The system cannot find the file specified)
Jun 02, 2022 7:04:37 PM sample.FirstPageController pokupiPodatke
SEVERE: org.unibl.etf.pj2.projektni.exception.BadNameInputException: Popunjavanje polja sa imenima nije validno.
Jun 02, 2022 7:04:37 PM sample.FirstPageController zapocniIgru
SEVERE: java.io.IOException: Stream closed
Jun 02, 2022 7:04:49 PM sample.FirstPageController pokupiPodatke
SEVERE: org.unibl.etf.pj2.projektni.exception.BadNameInputException: Popunjavanje polja sa imenima nije validno.
Jun 02, 2022 7:04:49 PM sample.FirstPageController zapocniIgru
SEVERE: java.io.IOException: Stream closed
Jun 02, 2022 7:04:55 PM sample.FirstPageController pokupiPodatke
SEVERE: org.unibl.etf.pj2.projektni.exception.BadNameInputException: Popunjavanje polja sa imenima nije validno.
Jun 02, 2022 7:04:55 PM sample.FirstPageController zapocniIgru
SEVERE: java.io.IOException: Stream closed
Jun 02, 2022 7:04:57 PM sample.FirstPageController pokupiPodatke
SEVERE: org.unibl.etf.pj2.projektni.exception.BadNameInputException: Popunjavanje polja sa imenima nije validno.
Jun 02, 2022 7:04:57 PM sample.FirstPageController zapocniIgru
SEVERE: java.io.IOException: Stream closed
Jun 02, 2022 7:05:00 PM sample.FirstPageController zapocniIgru
SEVERE: java.io.IOException: Stream closed
Jun 02, 2022 7:05:19 PM sample.FirstPageController zapocniIgru
SEVERE: java.io.IOException: Stream closed
Jun 02, 2022 7:13:09 PM sample.FirstPageController pokupiPodatke
SEVERE: org.unibl.etf.pj2.projektni.exception.BadNameInputException: Popunjavanje polja sa imenima nije validno.
Jun 02, 2022 7:13:19 PM sample.FirstPageController pokupiPodatke
SEVERE: org.unibl.etf.pj2.projektni.exception.BadNameInputException: Popunjavanje polja sa imenima nije validno.
Jun 02, 2022 7:13:19 PM sample.FirstPageController pokupiPodatke
SEVERE: org.unibl.etf.pj2.projektni.exception.NameAllreadyExistException:  već postoji i morate izabrati drugo ime
Jun 10, 2022 4:51:34 PM sample.FirstPageController zapocniIgru
SEVERE: org.unibl.etf.pj2.projektni.exception.MatrixSizeException: Dimenzije matrice nisu odgovarajuće.
Jun 10, 2022 4:52:53 PM sample.FirstPageController pokupiPodatke
SEVERE: org.unibl.etf.pj2.projektni.exception.BadNameInputException: Popunjavanje polja sa imenima nije validno.
Jun 10, 2022 4:52:53 PM sample.FirstPageController zapocniIgru
SEVERE: java.lang.NullPointerException: Cannot invoke "String.length()" because "str" is null
Jun 10, 2022 4:52:59 PM sample.FirstPageController zapocniIgru
SEVERE: java.lang.NullPointerException: Cannot invoke "String.length()" because "str" is null
Jun 10, 2022 4:56:43 PM sample.FirstPageController zapocniIgru
SEVERE: org.unibl.etf.pj2.projektni.exception.MatrixSizeException: Dimenzije matrice nisu odgovarajuće.
Jun 10, 2022 4:56:53 PM sample.FirstPageController pokupiPodatke
SEVERE: org.unibl.etf.pj2.projektni.exception.BadNameInputException: Popunjavanje polja sa imenima nije validno.
Jun 10, 2022 4:57:04 PM sample.FirstPageController pokupiPodatke
SEVERE: org.unibl.etf.pj2.projektni.exception.BadNameInputException: Popunjavanje polja sa imenima nije validno.
Jun 10, 2022 4:57:13 PM sample.FirstPageController pokupiPodatke
SEVERE: org.unibl.etf.pj2.projektni.exception.BadNameInputException: Popunjavanje polja sa imenima nije validno.
Jun 10, 2022 5:19:54 PM sample.FirstPageController zapocniIgru
SEVERE: javafx.fxml.LoadException: Controller value already specified.
/C:/Users/Boris/OneDrive/Desktop/JAVA-PROJEKTNI-MAJ2022/out/production/JavaFxApplication/sample/sample.fxml:12

Jun 10, 2022 5:20:13 PM sample.FirstPageController zapocniIgru
SEVERE: javafx.fxml.LoadException: Controller value already specified.
/C:/Users/Boris/OneDrive/Desktop/JAVA-PROJEKTNI-MAJ2022/out/production/JavaFxApplication/sample/sample.fxml:12

Jun 10, 2022 5:22:05 PM sample.FirstPageController zapocniIgru
SEVERE: javafx.fxml.LoadException: Controller value already specified.
/C:/Users/Boris/OneDrive/Desktop/JAVA-PROJEKTNI-MAJ2022/out/production/JavaFxApplication/sample/sample.fxml:12

Aug 08, 2022 4:24:28 PM sample.FirstPageController zapocniIgru
SEVERE: java.lang.NumberFormatException: For input string: "7`"
Aug 24, 2022 7:34:45 PM sample.FirstPageController pokupiPodatke
SEVERE: org.unibl.etf.pj2.projektni.exception.BadNameInputException: Name input are not valid.
Aug 24, 2022 7:34:45 PM sample.FirstPageController zapocniIgru
SEVERE: java.lang.NullPointerException: Cannot invoke "String.length()" because "str" is null
Aug 31, 2022 6:39:52 PM sample.FirstPageController pokupiPodatke
SEVERE: org.unibl.etf.pj2.projektni.exception.BadNameInputException: Name input are not valid.
Aug 31, 2022 6:39:52 PM sample.FirstPageController zapocniIgru
SEVERE: java.lang.NullPointerException: Cannot invoke "String.length()" because "str" is null
Sep 06, 2022 5:37:44 PM sample.FirstPageController pokupiPodatke
SEVERE: org.unibl.etf.pj2.projektni.exception.BadNameInputException: Name input are not valid.
Sep 06, 2022 5:37:45 PM sample.FirstPageController zapocniIgru
SEVERE: java.lang.NullPointerException: Cannot invoke "String.length()" because "str" is null
Sep 17, 2022 3:37:59 PM sample.FirstPageController pokupiPodatke
SEVERE: org.unibl.etf.pj2.projektni.exception.BadNameInputException: Name input are not valid.
Sep 17, 2022 3:37:59 PM sample.FirstPageController zapocniIgru
SEVERE: java.lang.NullPointerException: Cannot invoke "String.length()" because "str" is null
Sep 18, 2022 2:06:23 PM sample.FirstPageController pokupiPodatke
SEVERE: org.unibl.etf.pj2.projektni.exception.BadNameInputException: Name input are not valid.
Sep 18, 2022 2:06:23 PM sample.FirstPageController zapocniIgru
SEVERE: java.lang.NullPointerException: Cannot invoke "String.length()" because "str" is null
Sep 18, 2022 4:11:37 PM sample.FirstPageController pokupiPodatke
SEVERE: org.unibl.etf.pj2.projektni.exception.BadNameInputException: Name input are not valid.
Sep 18, 2022 4:16:55 PM sample.FirstPageController pokupiPodatke
SEVERE: org.unibl.etf.pj2.projektni.exception.BadNameInputException: Name input are not valid.
Sep 18, 2022 5:51:01 PM sample.FirstPageController pokupiPodatke
SEVERE: org.unibl.etf.pj2.projektni.exception.BadNameInputException: Name input are not valid.
Sep 19, 2022 2:36:05 PM sample.FirstPageController pokupiPodatke
SEVERE: org.unibl.etf.pj2.projektni.exception.BadNameInputException: Name input are not valid.
Sep 19, 2022 2:36:34 PM sample.FirstPageController pokupiPodatke
SEVERE: org.unibl.etf.pj2.projektni.exception.BadNameInputException: Name input are not valid.
Sep 19, 2022 2:36:58 PM sample.FirstPageController pokupiPodatke
SEVERE: org.unibl.etf.pj2.projektni.exception.BadNameInputException: Name input are not valid.
Sep 19, 2022 2:40:00 PM sample.FirstPageController pokupiPodatke
SEVERE: org.unibl.etf.pj2.projektni.exception.BadNameInputException: Name input are not valid.
Sep 19, 2022 2:41:58 PM sample.FirstPageController pokupiPodatke
SEVERE: org.unibl.etf.pj2.projektni.exception.BadNameInputException: Name input are not valid.
Sep 19, 2022 2:42:49 PM sample.FirstPageController pokupiPodatke
SEVERE: org.unibl.etf.pj2.projektni.exception.BadNameInputException: Name input are not valid.
Sep 19, 2022 2:43:33 PM sample.FirstPageController pokupiPodatke
SEVERE: org.unibl.etf.pj2.projektni.exception.BadNameInputException: Name input are not valid.
Sep 19, 2022 2:47:12 PM sample.FirstPageController pokupiPodatke
SEVERE: org.unibl.etf.pj2.projektni.exception.BadNameInputException: Name input are not valid.
Sep 19, 2022 2:52:36 PM sample.FirstPageController pokupiPodatke
SEVERE: org.unibl.etf.pj2.projektni.exception.BadNameInputException: Name input are not valid.
Sep 19, 2022 2:53:48 PM sample.FirstPageController pokupiPodatke
SEVERE: org.unibl.etf.pj2.projektni.exception.BadNameInputException: Name input are not valid.
Sep 19, 2022 2:55:04 PM sample.FirstPageController pokupiPodatke
SEVERE: org.unibl.etf.pj2.projektni.exception.BadNameInputException: Name input are not valid.
Sep 19, 2022 2:55:17 PM sample.FirstPageController pokupiPodatke
SEVERE: org.unibl.etf.pj2.projektni.exception.BadNameInputException: Name input are not valid.
Sep 19, 2022 2:55:32 PM sample.FirstPageController pokupiPodatke
SEVERE: org.unibl.etf.pj2.projektni.exception.BadNameInputException: Name input are not valid.
Sep 19, 2022 2:55:48 PM sample.FirstPageController pokupiPodatke
SEVERE: org.unibl.etf.pj2.projektni.exception.BadNameInputException: Name input are not valid.
Sep 19, 2022 2:58:28 PM sample.FirstPageController pokupiPodatke
SEVERE: org.unibl.etf.pj2.projektni.exception.BadNameInputException: Name input are not valid.
Sep 19, 2022 2:58:40 PM sample.FirstPageController pokupiPodatke
SEVERE: org.unibl.etf.pj2.projektni.exception.BadNameInputException: Name input are not valid.
Sep 19, 2022 2:58:48 PM sample.FirstPageController pokupiPodatke
SEVERE: org.unibl.etf.pj2.projektni.exception.BadNameInputException: Name input are not valid.
Sep 19, 2022 3:01:27 PM sample.FirstPageController zapocniIgru
SEVERE: org.unibl.etf.pj2.projektni.exception.MatrixSizeException: Matrix dimension is not valid.
Sep 19, 2022 3:01:37 PM sample.FirstPageController zapocniIgru
SEVERE: org.unibl.etf.pj2.projektni.exception.MatrixSizeException: Matrix dimension is not valid.
Sep 19, 2022 3:01:50 PM sample.FirstPageController zapocniIgru
SEVERE: org.unibl.etf.pj2.projektni.exception.MatrixSizeException: Matrix dimension is not valid.
Sep 19, 2022 3:04:17 PM sample.FirstPageController zapocniIgru
SEVERE: org.unibl.etf.pj2.projektni.exception.NumberOfPlayersException: Number of players are not valid.
Sep 19, 2022 3:04:31 PM sample.FirstPageController zapocniIgru
SEVERE: org.unibl.etf.pj2.projektni.exception.MatrixSizeException: Matrix dimension is not valid.
Sep 19, 2022 3:08:59 PM sample.FirstPageController zapocniIgru
SEVERE: org.unibl.etf.pj2.projektni.exception.MatrixSizeException: Matrix dimension is not valid.
Sep 19, 2022 3:09:04 PM sample.FirstPageController zapocniIgru
SEVERE: java.lang.NumberFormatException: For input string: "qw"
Sep 19, 2022 3:09:28 PM sample.FirstPageController zapocniIgru
SEVERE: org.unibl.etf.pj2.projektni.exception.NumberOfPlayersException: Number of players are not valid.
Sep 19, 2022 3:09:35 PM sample.FirstPageController pokupiPodatke
SEVERE: org.unibl.etf.pj2.projektni.exception.BadNameInputException: Name input are not valid.
Sep 23, 2022 1:57:46 PM sample.Controller initialize
SEVERE: org.unibl.etf.pj2.projektni.exception.NumberOfHolesException: Number of holes are not valid.
Sep 23, 2022 2:00:31 PM sample.Controller initialize
SEVERE: org.unibl.etf.pj2.projektni.exception.NumberOfHolesException: Number of holes are not valid.
Sep 23, 2022 2:05:18 PM sample.Controller initialize
SEVERE: org.unibl.etf.pj2.projektni.exception.NumberOfHolesException: Number of holes are not valid.
Sep 23, 2022 2:07:39 PM sample.Controller initialize
SEVERE: org.unibl.etf.pj2.projektni.exception.NumberOfHolesException: Number of holes are not valid.
Sep 23, 2022 2:13:26 PM sample.Controller initialize
SEVERE: org.unibl.etf.pj2.projektni.exception.NumberOfHolesException: Number of holes are not valid.
Sep 23, 2022 2:24:38 PM sample.FirstPageController zapocniIgru
SEVERE: org.unibl.etf.pj2.projektni.exception.NumberOfHolesException: Number of holes are not valid.
Sep 23, 2022 2:24:38 PM sample.FirstPageController zapocniIgru
SEVERE: java.lang.NumberFormatException: For input string: ""
Sep 23, 2022 2:24:57 PM sample.FirstPageController zapocniIgru
SEVERE: org.unibl.etf.pj2.projektni.exception.NumberOfHolesException: Number of holes are not valid.
Sep 23, 2022 2:24:57 PM sample.FirstPageController zapocniIgru
SEVERE: java.lang.NumberFormatException: For input string: ""
Sep 23, 2022 2:25:19 PM sample.FirstPageController zapocniIgru
SEVERE: org.unibl.etf.pj2.projektni.exception.NumberOfHolesException: Number of holes are not valid.
Sep 23, 2022 2:25:19 PM sample.FirstPageController zapocniIgru
SEVERE: java.lang.NumberFormatException: For input string: ""
Sep 24, 2022 1:17:07 PM sample.FirstPageController zapocniIgru
SEVERE: org.unibl.etf.pj2.projektni.exception.NumberOfHolesException: Number of holes are not valid.
Sep 24, 2022 1:17:22 PM sample.FirstPageController zapocniIgru
SEVERE: org.unibl.etf.pj2.projektni.exception.NumberOfHolesException: Number of holes are not valid.
